Using pre-set license
Built from '2021.1/staging' branch; Version is '2021.1.7f1 (d91830b65d9b) revision 14227504'; Using compiler version '192528614'; Build Type 'Release'
OS: 'Windows 10 Home; OS build 19042.985; Version 2009; 64bit' Language: 'en' Physical Memory: 16146 MB
BatchMode: 1, IsHumanControllingUs: 0, StartBugReporterOnCrash: 0, Is64bit: 1, IsPro: 0

 COMMAND LINE ARGUMENTS:
C:\Program Files\Unity\Hub\Editor\2021.1.7f1\Editor\Unity.exe
-adb2
-batchMode
-noUpm
-name
AssetImportWorker0
-projectPath
C:/Users/seant/OneDrive/Desktop/Github Projects/Stocker
-logFile
Logs/AssetImportWorker0.log
-srvPort
57582
Successfully changed project path to: C:/Users/seant/OneDrive/Desktop/Github Projects/Stocker
C:/Users/seant/OneDrive/Desktop/Github Projects/Stocker
Using Asset Import Pipeline V2.
Refreshing native plugins compatible for Editor in 21.03 ms, found 0 plugins.
Preloading 0 native plugins for Editor in 0.00 ms.
Initialize engine version: 2021.1.7f1 (d91830b65d9b)
[Subsystems] Discovering subsystems at path C:/Program Files/Unity/Hub/Editor/2021.1.7f1/Editor/Data/Resources/UnitySubsystems
[Subsystems] Discovering subsystems at path C:/Users/seant/OneDrive/Desktop/Github Projects/Stocker/Assets
GfxDevice: creating device client; threaded=0; jobified=0
Direct3D:
    Version:  Direct3D 11.0 [level 11.1]
    Renderer: NVIDIA GeForce RTX 3070 Laptop GPU (ID=0x24dd)
    Vendor:   NVIDIA
    VRAM:     8044 MB
    Driver:   27.21.14.6647
Initialize mono
Mono path[0] = 'C:/Program Files/Unity/Hub/Editor/2021.1.7f1/Editor/Data/Managed'
Mono path[1] = 'C:/Program Files/Unity/Hub/Editor/2021.1.7f1/Editor/Data/MonoBleedingEdge/lib/mono/unityjit'
Mono config path = 'C:/Program Files/Unity/Hub/Editor/2021.1.7f1/Editor/Data/MonoBleedingEdge/etc'
Using monoOptions --debugger-agent=transport=dt_socket,embedding=1,server=y,suspend=n,address=127.0.0.1:56968
Begin MonoManager ReloadAssembly
Registering precompiled unity dll's ...
Register platform support module: C:/Program Files/Unity/Hub/Editor/2021.1.7f1/Editor/Data/PlaybackEngines/WindowsStandaloneSupport/UnityEditor.WindowsStandalone.Extensions.dll
Registered in 0.001658 seconds.
Native extension for WindowsStandalone target not found
Refreshing native plugins compatible for Editor in 18.30 ms, found 0 plugins.
Preloading 0 native plugins for Editor in 0.00 ms.
Mono: successfully reloaded assembly
- Completed reload, in  1.007 seconds
Platform modules already initialized, skipping
Registering precompiled user dll's ...
Registered in 0.000588 seconds.
Begin MonoManager ReloadAssembly
Native extension for WindowsStandalone target not found
Refreshing native plugins compatible for Editor in 0.18 ms, found 0 plugins.
Preloading 0 native plugins for Editor in 0.00 ms.
Mono: successfully reloaded assembly
- Completed reload, in  0.707 seconds
Platform modules already initialized, skipping
========================================================================
Worker process is ready to serve import requests
Launched and connected shader compiler UnityShaderCompiler.exe after 0.04 seconds
Refreshing native plugins compatible for Editor in 0.34 ms, found 0 plugins.
Preloading 0 native plugins for Editor in 0.00 ms.
Unloading 1125 Unused Serialized files (Serialized files now loaded: 0)
System memory in use before: 58.2 MB.
System memory in use after: 58.3 MB.

Unloading 9 unused Assets to reduce memory usage. Loaded Objects now: 1583.
Total: 2.059400 ms (FindLiveObjects: 0.110100 ms CreateObjectMapping: 0.035800 ms MarkObjects: 1.824300 ms  DeleteObjects: 0.088300 ms)

========================================================================
Received Import Request.
  path: Assets/Scenes
  artifactKey: Guid(698ac19af4e87564c8e19cbcb2d9dd47) Importer(815301076,1909f56bfc062723c751e8b465ee728b)
Start importing Assets/Scenes using Guid(698ac19af4e87564c8e19cbcb2d9dd47) Importer(815301076,1909f56bfc062723c751e8b465ee728b)  -> (artifact id: '3ea88cd47b3d2a2a2da17d122ef24f17') in 0.008680 seconds 
========================================================================
Received Import Request.
  Time since last request: 6.016625 seconds.
  path: Assets/Scenes/SeansScene.unity
  artifactKey: Guid(6e7842cdf6c74394d9282ef1f04c25d6) Importer(815301076,1909f56bfc062723c751e8b465ee728b)
Start importing Assets/Scenes/SeansScene.unity using Guid(6e7842cdf6c74394d9282ef1f04c25d6) Importer(815301076,1909f56bfc062723c751e8b465ee728b)  -> (artifact id: 'c3a9eca2074a28af635904c8e3932457') in 0.017361 seconds 
========================================================================
Received Import Request.
  Time since last request: 59.661017 seconds.
  path: Assets/Models
  artifactKey: Guid(6988497b75a66a945b119b89720188e7) Importer(815301076,1909f56bfc062723c751e8b465ee728b)
Start importing Assets/Models using Guid(6988497b75a66a945b119b89720188e7) Importer(815301076,1909f56bfc062723c751e8b465ee728b)  -> (artifact id: '1577d7393a70926370de7514032f0e2a') in 0.007575 seconds 
========================================================================
Received Import Request.
  Time since last request: 14.238634 seconds.
  path: Assets/Models/HangingLight.fbx
  artifactKey: Guid(33059575b67f37d4d8a8392107a24990) Importer(815301076,1909f56bfc062723c751e8b465ee728b)
Start importing Assets/Models/HangingLight.fbx using Guid(33059575b67f37d4d8a8392107a24990) Importer(815301076,1909f56bfc062723c751e8b465ee728b)  -> (artifact id: 'f33a7433adc6e165b2ebb1f104b92561') in 0.370397 seconds 
========================================================================
Received Import Request.
  Time since last request: 22.441902 seconds.
  path: Assets/Models/HangingLight.fbx
  artifactKey: Guid(33059575b67f37d4d8a8392107a24990) Importer(815301076,1909f56bfc062723c751e8b465ee728b)
Start importing Assets/Models/HangingLight.fbx using Guid(33059575b67f37d4d8a8392107a24990) Importer(815301076,1909f56bfc062723c751e8b465ee728b)  -> (artifact id: 'ea2089bc5a05e5060eb7d6aa1c67c603') in 0.048309 seconds 
========================================================================
Received Import Request.
  Time since last request: 31.823666 seconds.
  path: Assets/Materials
  artifactKey: Guid(ad959db1dcd48e74d813bbbb4a7b924e) Importer(815301076,1909f56bfc062723c751e8b465ee728b)
Start importing Assets/Materials using Guid(ad959db1dcd48e74d813bbbb4a7b924e) Importer(815301076,1909f56bfc062723c751e8b465ee728b)  -> (artifact id: '4c3f69347e9b681c39bc4a9e9b328178') in 0.008024 seconds 
========================================================================
Received Import Request.
  Time since last request: 11.681559 seconds.
  path: Assets/Materials/New Material.mat
  artifactKey: Guid(9be0dc359333ec34c97b1f537f4e6521) Importer(815301076,1909f56bfc062723c751e8b465ee728b)
Start importing Assets/Materials/New Material.mat using Guid(9be0dc359333ec34c97b1f537f4e6521) Importer(815301076,1909f56bfc062723c751e8b465ee728b)  -> (artifact id: 'cc6015a4dd8743b9d4d3ce2a7daf07ef') in 0.022531 seconds 
========================================================================
Received Import Request.
  Time since last request: 242.110634 seconds.
  path: Assets/Materials/HangingLightMaterial.mat
  artifactKey: Guid(9be0dc359333ec34c97b1f537f4e6521) Importer(815301076,1909f56bfc062723c751e8b465ee728b)
Start importing Assets/Materials/HangingLightMaterial.mat using Guid(9be0dc359333ec34c97b1f537f4e6521) Importer(815301076,1909f56bfc062723c751e8b465ee728b)  -> (artifact id: '7cea1f09d4c57dfb3484892e94e153f4') in 0.027255 seconds 
========================================================================
Received Import Request.
  Time since last request: 11.907803 seconds.
  path: Assets/Materials/TempFloorMaterial.mat
  artifactKey: Guid(2205d6e0bb09e3e47a6ece70b3d7eef9) Importer(815301076,1909f56bfc062723c751e8b465ee728b)
Start importing Assets/Materials/TempFloorMaterial.mat using Guid(2205d6e0bb09e3e47a6ece70b3d7eef9) Importer(815301076,1909f56bfc062723c751e8b465ee728b)  -> (artifact id: '8e69178dd96cb6b937b21044cdacc283') in 0.015829 seconds 
========================================================================
Received Import Request.
  Time since last request: 3025.373187 seconds.
  path: Assets/Models/Shelf.fbx
  artifactKey: Guid(a040abacf28aa5340a94e281e1a0ed75) Importer(815301076,1909f56bfc062723c751e8b465ee728b)
Start importing Assets/Models/Shelf.fbx using Guid(a040abacf28aa5340a94e281e1a0ed75) Importer(815301076,1909f56bfc062723c751e8b465ee728b)  -> (artifact id: '5191f7a8ad62abe40a79fff827453861') in 0.069358 seconds 
========================================================================
Received Import Request.
  Time since last request: 41.718445 seconds.
  path: Assets/Models/Shelf.fbx
  artifactKey: Guid(a040abacf28aa5340a94e281e1a0ed75) Importer(815301076,1909f56bfc062723c751e8b465ee728b)
Start importing Assets/Models/Shelf.fbx using Guid(a040abacf28aa5340a94e281e1a0ed75) Importer(815301076,1909f56bfc062723c751e8b465ee728b)  -> (artifact id: 'f0c58dff2ab74eb810d60a7252bd3e88') in 0.019368 seconds 
========================================================================
Received Import Request.
  Time since last request: 8.281162 seconds.
  path: Assets/Models/Shelf.fbx
  artifactKey: Guid(a040abacf28aa5340a94e281e1a0ed75) Importer(815301076,1909f56bfc062723c751e8b465ee728b)
Start importing Assets/Models/Shelf.fbx using Guid(a040abacf28aa5340a94e281e1a0ed75) Importer(815301076,1909f56bfc062723c751e8b465ee728b)  -> (artifact id: '65400d6397bd86797001782b814a73dc') in 0.019651 seconds 
========================================================================
Received Import Request.
  Time since last request: 4422.592492 seconds.
  path: Assets/Models/ProduceBin.fbx
  artifactKey: Guid(e313d45163af1ef4e8acb41bdff932b0) Importer(815301076,1909f56bfc062723c751e8b465ee728b)
Start importing Assets/Models/ProduceBin.fbx using Guid(e313d45163af1ef4e8acb41bdff932b0) Importer(815301076,1909f56bfc062723c751e8b465ee728b)  -> (artifact id: '2ee81d29cfdba608945372f6b5952f8f') in 0.489725 seconds 
========================================================================
Received Import Request.
  Time since last request: 11.159867 seconds.
  path: Assets/Models/ProduceBin.fbx
  artifactKey: Guid(e313d45163af1ef4e8acb41bdff932b0) Importer(815301076,1909f56bfc062723c751e8b465ee728b)
Start importing Assets/Models/ProduceBin.fbx using Guid(e313d45163af1ef4e8acb41bdff932b0) Importer(815301076,1909f56bfc062723c751e8b465ee728b)  -> (artifact id: 'f627e2816a3f7269a693e03e87d4cf26') in 0.323191 seconds 
AssetImportWorkerClient::OnTransportError - code=2 error=End of file
